#
# There is insufficient memory for the Java Runtime Environment to continue.
# Native memory allocation (malloc) failed to allocate 1048576 bytes for AllocateHeap
# Possible reasons:
#   The system is out of physical RAM or swap space
#   The process is running with CompressedOops enabled, and the Java Heap may be blocking the growth of the native heap
# Possible solutions:
#   Reduce memory load on the system
#   Increase physical memory or swap space
#   Check if swap backing store is full
#   Decrease Java heap size (-Xmx/-Xms)
#   Decrease number of Java threads
#   Decrease Java thread stack sizes (-Xss)
#   Set larger code cache with -XX:ReservedCodeCacheSize=
#   JVM is running with Zero Based Compressed Oops mode in which the Java heap is
#     placed in the first 32GB address space. The Java Heap base address is the
#     maximum limit for the native heap growth. Please use -XX:HeapBaseMinAddress
#     to set the Java Heap base and to place the Java Heap above 32GB virtual address.
# This output file may be truncated or incomplete.
#
#  Out of Memory Error (memory/allocation.inline.hpp:61), pid=75312, tid=0x000000000000bf60
#
# JRE version:  (8.0_202-b08) (build )
# Java VM: Java HotSpot(TM) 64-Bit Server VM (25.202-b08 mixed mode windows-amd64 compressed oops)
# Failed to write core dump. Minidumps are not enabled by default on client versions of Windows
#

---------------  T H R E A D  ---------------

Current thread (0x0000000000dee000):  JavaThread "Unknown thread" [_thread_in_vm, id=48992, stack(0x00000000026a0000,0x00000000027a0000)]

Stack: [0x00000000026a0000,0x00000000027a0000]
[error occurred during error reporting (printing stack bounds), id 0xc0000005]

Native frames: (J=compiled Java code, j=interpreted, Vv=VM code, C=native code)


---------------  P R O C E S S  ---------------

Java Threads: ( => current thread )

Other Threads:

=>0x0000000000dee000 (exited) JavaThread "Unknown thread" [_thread_in_vm, id=48992, stack(0x00000000026a0000,0x00000000027a0000)]

VM state:not at safepoint (normal execution)

VM Mutex/Monitor currently owned by a thread: None

heap address: 0x00000006c2400000, size: 4060 MB, Compressed Oops mode: Zero based, Oop shift amount: 3
Narrow klass base: 0x0000000000000000, Narrow klass shift: 3
Compressed class space size: 1073741824 Address: 0x00000007c0000000

Heap:
 PSYoungGen      total 75776K, used 1300K [0x000000076b700000, 0x0000000770b80000, 0x00000007c0000000)
  eden space 65024K, 2% used [0x000000076b700000,0x000000076b8451f8,0x000000076f680000)
  from space 10752K, 0% used [0x0000000770100000,0x0000000770100000,0x0000000770b80000)
  to   space 10752K, 0% used [0x000000076f680000,0x000000076f680000,0x0000000770100000)
 ParOldGen       total 173568K, used 0K [0x00000006c2400000, 0x00000006ccd80000, 0x000000076b700000)
  object space 173568K, 0% used [0x00000006c2400000,0x00000006c2400000,0x00000006ccd80000)
 Metaspace       used 775K, capacity 4480K, committed 4480K, reserved 1056768K
  class space    used 76K, capacity 384K, committed 384K, reserved 1048576K

Card table byte_map: [0x0000000011c60000,0x0000000012450000] byte_map_base: 0x000000000e64e000

Marking Bits: (ParMarkBitMap*) 0x0000000068115ce0
 Begin Bits: [0x00000000131a0000, 0x0000000017110000)
 End Bits:   [0x0000000017110000, 0x000000001b080000)

Polling page: 0x0000000000dd0000

CodeCache: size=245760Kb used=328Kb max_used=328Kb free=245431Kb
 bounds [0x00000000028a0000, 0x0000000002b10000, 0x00000000118a0000]
 total_blobs=58 nmethods=0 adapters=38
 compilation: enabled

Compilation events (0 events):
No events

GC Heap History (0 events):
No events

Deoptimization events (0 events):
No events

Classes redefined (0 events):
No events

Internal exceptions (0 events):
No events

Events (10 events):
Event: 0.023 loading class java/lang/Short
Event: 0.023 loading class java/lang/Short done
Event: 0.023 loading class java/lang/Integer
Event: 0.023 loading class java/lang/Integer done
Event: 0.023 loading class java/lang/Long
Event: 0.023 loading class java/lang/Long done
Event: 0.023 loading class java/lang/NullPointerException
Event: 0.024 loading class java/lang/NullPointerException done
Event: 0.024 loading class java/lang/ArithmeticException
Event: 0.024 loading class java/lang/ArithmeticException done


Dynamic libraries:
0x00007ff7e0d70000 - 0x00007ff7e0da7000 	C:\Program Files\Java\jdk1.8.0_202\bin\java.exe
0x00007ffaf2010000 - 0x00007ffaf2227000 	C:\WINDOWS\SYSTEM32\ntdll.dll
0x00007ffaf0840000 - 0x00007ffaf0904000 	C:\WINDOWS\System32\KERNEL32.DLL
0x00007ffaef390000 - 0x00007ffaef736000 	C:\WINDOWS\System32\KERNELBASE.dll
0x00007ffaf11b0000 - 0x00007ffaf1260000 	C:\WINDOWS\System32\ADVAPI32.dll
0x00007ffaf1df0000 - 0x00007ffaf1e97000 	C:\WINDOWS\System32\msvcrt.dll
0x00007ffaf1270000 - 0x00007ffaf1316000 	C:\WINDOWS\System32\sechost.dll
0x00007ffaf1eb0000 - 0x00007ffaf1fc7000 	C:\WINDOWS\System32\RPCRT4.dll
0x00007ffaf1bc0000 - 0x00007ffaf1d6e000 	C:\WINDOWS\System32\USER32.dll
0x00007ffaef7c0000 - 0x00007ffaef7e6000 	C:\WINDOWS\System32\win32u.dll
0x00007ffaf1330000 - 0x00007ffaf1359000 	C:\WINDOWS\System32\GDI32.dll
0x00007ffaefb20000 - 0x00007ffaefc38000 	C:\WINDOWS\System32\gdi32full.dll
0x00007ffaef910000 - 0x00007ffaef9aa000 	C:\WINDOWS\System32\msvcp_win.dll
0x00007ffaef7f0000 - 0x00007ffaef901000 	C:\WINDOWS\System32\ucrtbase.dll
0x00007ffadc870000 - 0x00007ffadcb03000 	C:\WINDOWS\WinSxS\amd64_microsoft.windows.common-controls_6595b64144ccf1df_6.0.22621.2361_none_2712ced57382f843\COMCTL32.dll
0x00007ffaf0200000 - 0x00007ffaf0231000 	C:\WINDOWS\System32\IMM32.DLL
0x00000000681a0000 - 0x0000000068272000 	C:\Program Files\Java\jdk1.8.0_202\jre\bin\msvcr100.dll
0x00000000678f0000 - 0x0000000068195000 	C:\Program Files\Java\jdk1.8.0_202\jre\bin\server\jvm.dll
0x00007ffaf1260000 - 0x00007ffaf1268000 	C:\WINDOWS\System32\PSAPI.DLL
0x00007ffad4d10000 - 0x00007ffad4d19000 	C:\WINDOWS\SYSTEM32\WSOCK32.dll
0x00007ffae90d0000 - 0x00007ffae90da000 	C:\WINDOWS\SYSTEM32\VERSION.dll
0x00007ffae91b0000 - 0x00007ffae91e4000 	C:\WINDOWS\SYSTEM32\WINMM.dll
0x00007ffaf0fa0000 - 0x00007ffaf1011000 	C:\WINDOWS\System32\WS2_32.dll
0x00007ffadd5a0000 - 0x00007ffadd5af000 	C:\Program Files\Java\jdk1.8.0_202\jre\bin\verify.dll
0x00007ffab8160000 - 0x00007ffab8189000 	C:\Program Files\Java\jdk1.8.0_202\jre\bin\java.dll
0x00007ffac4540000 - 0x00007ffac4556000 	C:\Program Files\Java\jdk1.8.0_202\jre\bin\zip.dll

VM Arguments:
jvm_args: -Dfile.encoding=UTF-8 
java_command: GUI.HomePage
java_class_path (initial): C:\Program Files (x86)\NetBeans 8.2\ide\modules\ext\mysql-connector-java-5.1.23-bin.jar;C:\Users\hassen\Gestion du suiviAlimentaire\build\classes
Launcher Type: SUN_STANDARD

Environment Variables:
PATH=C:\Program Files\Common Files\Oracle\Java\javapath;C:\Program Files (x86)\Common Files\Oracle\Java\javapath;C:\Program Files (x86)\VMware\VMware Workstation\bin\;C:\oraclexe\app\oracle\product\11.2.0\server\bin;C:\Windows\system32;C:\Windows;C:\Windows\System32\Wbem;C:\Windows\System32\WindowsPowerShell\v1.0\;C:\Windows\System32\OpenSSH\;C:\Program Files (x86)\NVIDIA Corporation\PhysX\Common;C:\Program Files\NVIDIA Corporation\NVIDIA NvDLISR;C:\WINDOWS\system32;C:\WINDOWS;C:\WINDOWS\System32\Wbem;C:\WINDOWS\System32\WindowsPowerShell\v1.0\;C:\WINDOWS\System32\OpenSSH\;C:\Program Files\Git\cmd;C:\xampp\php;C:\Program Files\Java\jdk-17;C:\ProgramData\ComposerSetup\bin;C:\Users\hassen\scoop\shims;C:\Users\hassen\AppData\Local\Microsoft\WindowsApps;C:\Users\hassen\AppData\Local\Programs\Microsoft VS Code\bin;C:\Users\hassen\AppData\Local\GitHubDesktop\bin;C:\Users\hassen\AppData\Local\gitkraken\bin;C:\Users\hassen\AppData\Local\Microsoft\WindowsApps;C:\Program Files\MongoDB;C:\Program Files\JetBrains\IntelliJ IDEA 2023.2.2\bin;;C:\Users\hassen\AppData\Roaming\Composer\vendor\bin;C:\Windows\System32\WindowsPowerShell\v1.0;C:\Program Files\Java\jdk-17;C:\Program Files\JetBrains\IntelliJ IDEA 2023.2.2\plugins\maven\lib\maven3\bin;C:\xampp\php;C:\composer;
USERNAME=hassen
OS=Windows_NT
PROCESSOR_IDENTIFIER=Intel64 Family 6 Model 158 Stepping 10, GenuineIntel



---------------  S Y S T E M  ---------------

OS: Windows 10.0 , 64 bit Build 22621 (10.0.22621.2361)

CPU:total 8 (initial active 8) (4 cores per cpu, 2 threads per core) family 6 model 158 stepping 10, cmov, cx8, fxsr, mmx, sse, sse2, sse3, ssse3, sse4.1, sse4.2, popcnt, avx, avx2, aes, clmul, erms, 3dnowpref, lzcnt, ht, tsc, tscinvbit, bmi1, bmi2, adx

Memory: 4k page, physical 16626184k(2807924k free), swap 39333280k(6116k free)

vm_info: Java HotSpot(TM) 64-Bit Server VM (25.202-b08) for windows-amd64 JRE (1.8.0_202-b08), built on Dec 15 2018 19:54:30 by "java_re" with MS VC++ 10.0 (VS2010)

time: Tue Oct 17 10:10:51 2023
timezone: Afr. centrale Ouest
elapsed time: 0 seconds (0d 0h 0m 0s)

